0 info it worked if it ends with ok
1 verbose cli [ '/usr/local/bin/node',
1 verbose cli   '/usr/local/bin/npm',
1 verbose cli   'install',
1 verbose cli   'bower',
1 verbose cli   '-g' ]
2 info using npm@2.5.1
3 info using node@v0.12.0
4 silly cache add args [ 'bower', null ]
5 verbose cache add spec bower
6 silly cache add parsed spec { raw: 'bower',
6 silly cache add   scope: null,
6 silly cache add   name: 'bower',
6 silly cache add   rawSpec: '',
6 silly cache add   spec: '*',
6 silly cache add   type: 'range' }
7 verbose addNamed bower@*
8 silly addNamed semver.valid null
9 silly addNamed semver.validRange *
10 silly addNameRange { name: 'bower', range: '*', hasData: false }
11 silly mapToRegistry name bower
12 silly mapToRegistry using default registry
13 silly mapToRegistry registry https://registry.npmjs.org/
14 silly mapToRegistry uri https://registry.npmjs.org/bower
15 verbose addNameRange registry:https://registry.npmjs.org/bower not in flight; fetching
16 verbose request uri https://registry.npmjs.org/bower
17 verbose request no auth needed
18 info attempt registry request try #1 at 20:27:43
19 verbose request id 2812256f0f84ece2
20 http request GET https://registry.npmjs.org/bower
21 http 200 https://registry.npmjs.org/bower
22 silly get cb [ 200,
22 silly get   { server: 'CouchDB/1.5.0 (Erlang OTP/R16B03)',
22 silly get     etag: '"AGDMM96N55KIQKEY6915Q429O"',
22 silly get     'content-type': 'application/json',
22 silly get     'content-encoding': 'gzip',
22 silly get     'cache-control': 'max-age=300',
22 silly get     'content-length': '20508',
22 silly get     'accept-ranges': 'bytes',
22 silly get     date: 'Thu, 21 Jul 2016 18:27:43 GMT',
22 silly get     via: '1.1 varnish',
22 silly get     age: '47',
22 silly get     connection: 'keep-alive',
22 silly get     'x-served-by': 'cache-fra1220-FRA',
22 silly get     'x-cache': 'HIT',
22 silly get     'x-cache-hits': '1',
22 silly get     'x-timer': 'S1469125663.766539,VS0,VE0',
22 silly get     vary: 'Accept-Encoding' } ]
23 verbose get saving bower to /home/wob/.npm/registry.npmjs.org/bower/.cache.json
24 silly addNameRange number 2 { name: 'bower', range: '*', hasData: true }
25 silly addNameRange versions [ 'bower',
25 silly addNameRange   [ '0.1.0',
25 silly addNameRange     '0.1.2',
25 silly addNameRange     '0.1.3',
25 silly addNameRange     '0.2.0',
25 silly addNameRange     '0.3.0',
25 silly addNameRange     '0.3.1',
25 silly addNameRange     '0.3.2',
25 silly addNameRange     '0.4.0',
25 silly addNameRange     '0.5.0',
25 silly addNameRange     '0.5.1',
25 silly addNameRange     '0.6.0',
25 silly addNameRange     '0.6.1',
25 silly addNameRange     '0.6.2',
25 silly addNameRange     '0.6.3',
25 silly addNameRange     '0.6.4',
25 silly addNameRange     '0.6.5',
25 silly addNameRange     '0.6.6',
25 silly addNameRange     '0.6.7',
25 silly addNameRange     '0.6.8',
25 silly addNameRange     '0.7.0',
25 silly addNameRange     '0.7.1',
25 silly addNameRange     '0.8.0',
25 silly addNameRange     '0.8.1',
25 silly addNameRange     '0.8.2',
25 silly addNameRange     '0.8.3',
25 silly addNameRange     '0.8.4',
25 silly addNameRange     '0.8.5',
25 silly addNameRange     '0.8.6',
25 silly addNameRange     '0.9.0',
25 silly addNameRange     '0.9.1',
25 silly addNameRange     '0.9.2',
25 silly addNameRange     '0.10.0',
25 silly addNameRange     '1.0.0',
25 silly addNameRange     '1.0.1',
25 silly addNameRange     '1.0.2',
25 silly addNameRange     '1.0.3',
25 silly addNameRange     '1.1.0',
25 silly addNameRange     '1.1.1',
25 silly addNameRange     '1.1.2',
25 silly addNameRange     '1.2.0',
25 silly addNameRange     '1.2.1',
25 silly addNameRange     '1.2.2',
25 silly addNameRange     '1.2.3',
25 silly addNameRange     '1.2.4',
25 silly addNameRange     '1.2.5',
25 silly addNameRange     '1.2.6',
25 silly addNameRange     '1.2.7',
25 silly addNameRange     '1.2.8',
25 silly addNameRange     '1.3.0',
25 silly addNameRange     '1.3.1',
25 silly addNameRange     '1.3.2',
25 silly addNameRange     '1.3.3',
25 silly addNameRange     '1.3.4',
25 silly addNameRange     '1.3.5',
25 silly addNameRange     '1.3.6',
25 silly addNameRange     '1.3.7',
25 silly addNameRange     '1.3.8',
25 silly addNameRange     '1.3.9',
25 silly addNameRange     '1.3.10',
25 silly addNameRange     '1.3.11',
25 silly addNameRange     '1.3.12',
25 silly addNameRange     '1.4.0',
25 silly addNameRange     '1.4.1',
25 silly addNameRange     '1.5.0',
25 silly addNameRange     '1.5.1',
25 silly addNameRange     '1.5.2',
25 silly addNameRange     '1.5.3',
25 silly addNameRange     '1.6.2',
25 silly addNameRange     '1.6.3',
25 silly addNameRange     '1.6.4',
25 silly addNameRange     '1.6.5',
25 silly addNameRange     '1.5.4',
25 silly addNameRange     '1.4.2',
25 silly addNameRange     '1.6.6',
25 silly addNameRange     '1.6.7',
25 silly addNameRange     '1.6.8',
25 silly addNameRange     '1.6.9',
25 silly addNameRange     '1.7.0',
25 silly addNameRange     '1.7.1',
25 silly addNameRange     '1.7.2',
25 silly addNameRange     '1.7.5',
25 silly addNameRange     '1.7.6',
25 silly addNameRange     '1.7.7',
25 silly addNameRange     '1.7.8',
25 silly addNameRange     '1.7.9' ] ]
26 verbose addNamed bower@1.7.9
27 silly addNamed semver.valid 1.7.9
28 silly addNamed semver.validRange 1.7.9
29 silly mapToRegistry name bower
30 silly mapToRegistry using default registry
31 silly mapToRegistry registry https://registry.npmjs.org/
32 silly mapToRegistry uri https://registry.npmjs.org/bower
33 verbose addRemoteTarball https://registry.npmjs.org/bower/-/bower-1.7.9.tgz not in flight; adding
34 verbose addRemoteTarball [ 'https://registry.npmjs.org/bower/-/bower-1.7.9.tgz',
34 verbose addRemoteTarball   'b7296c2393e0d75edaa6ca39648132dd255812b0' ]
35 info retry fetch attempt 1 at 20:27:43
36 info attempt registry request try #1 at 20:27:43
37 http fetch GET https://registry.npmjs.org/bower/-/bower-1.7.9.tgz
38 http fetch 200 https://registry.npmjs.org/bower/-/bower-1.7.9.tgz
39 silly fetchAndShaCheck shasum b7296c2393e0d75edaa6ca39648132dd255812b0
40 verbose addTmpTarball /tmp/npm-14276-cf3f1181/registry.npmjs.org/bower/-/bower-1.7.9.tgz not in flight; adding
41 verbose addTmpTarball already have metadata; skipping unpack for bower@1.7.9
42 silly cache afterAdd bower@1.7.9
43 verbose afterAdd /home/wob/.npm/bower/1.7.9/package/package.json not in flight; writing
44 verbose afterAdd /home/wob/.npm/bower/1.7.9/package/package.json written
45 silly install resolved [ { name: 'bower',
45 silly install resolved     version: '1.7.9',
45 silly install resolved     description: 'The browser package manager',
45 silly install resolved     author: { name: 'Twitter' },
45 silly install resolved     license: 'MIT',
45 silly install resolved     repository: { type: 'git', url: 'git+https://github.com/bower/bower.git' },
45 silly install resolved     main: 'lib',
45 silly install resolved     bin: { bower: 'bin/bower' },
45 silly install resolved     homepage: 'http://bower.io',
45 silly install resolved     engines: { node: '>=0.10.0' },
45 silly install resolved     keywords: [ 'bower' ],
45 silly install resolved     files: [ 'bin', 'lib' ],
45 silly install resolved     bugs: { url: 'https://github.com/bower/bower/issues' },
45 silly install resolved     _id: 'bower@1.7.9',
45 silly install resolved     scripts: {},
45 silly install resolved     _shasum: 'b7296c2393e0d75edaa6ca39648132dd255812b0',
45 silly install resolved     _from: 'bower@*',
45 silly install resolved     _npmVersion: '3.7.3',
45 silly install resolved     _nodeVersion: '5.9.0',
45 silly install resolved     _npmUser: { name: 'sheerun', email: 'sheerun@sher.pl' },
45 silly install resolved     dist:
45 silly install resolved      { shasum: 'b7296c2393e0d75edaa6ca39648132dd255812b0',
45 silly install resolved        tarball: 'https://registry.npmjs.org/bower/-/bower-1.7.9.tgz' },
45 silly install resolved     maintainers:
45 silly install resolved      [ [Object],
45 silly install resolved        [Object],
45 silly install resolved        [Object],
45 silly install resolved        [Object],
45 silly install resolved        [Object],
45 silly install resolved        [Object],
45 silly install resolved        [Object] ],
45 silly install resolved     _npmOperationalInternal:
45 silly install resolved      { host: 'packages-12-west.internal.npmjs.com',
45 silly install resolved        tmp: 'tmp/bower-1.7.9.tgz_1459857239351_0.9720134933013469' },
45 silly install resolved     directories: {},
45 silly install resolved     _resolved: 'https://registry.npmjs.org/bower/-/bower-1.7.9.tgz' } ]
46 info install bower@1.7.9 into /usr/local/lib
47 info installOne bower@1.7.9
48 verbose installOne of bower to /usr/local/lib not in flight; installing
49 verbose lock using /home/wob/.npm/_locks/bower-e8debc5417026b57.lock for /usr/local/lib/node_modules/bower
50 silly install write writing bower 1.7.9 to /usr/local/lib/node_modules/bower
51 silly cache addNamed cb bower@1.7.9
52 verbose unbuild lib/node_modules/bower
53 verbose gentlyRm vacuuming /usr/local/lib/node_modules/bower
54 verbose tar unpack /home/wob/.npm/bower/1.7.9/package.tgz
55 verbose tar unpacking to /usr/local/lib/node_modules/bower
56 verbose gentlyRm vacuuming /usr/local/lib/node_modules/bower
57 silly gunzTarPerm modes [ '755', '644' ]
58 error tar.unpack untar error /home/wob/.npm/bower/1.7.9/package.tgz
59 verbose unlock done using /home/wob/.npm/_locks/bower-e8debc5417026b57.lock for /usr/local/lib/node_modules/bower
60 verbose fstream_path /usr/local/lib/node_modules/bower
61 verbose fstream_type Directory
62 verbose fstream_class DirWriter
63 verbose stack Error: EACCES, mkdir '/usr/local/lib/node_modules/bower'
63 verbose stack     at Error (native)
64 verbose fstream_stack /usr/local/lib/node_modules/npm/node_modules/fstream/lib/dir-writer.js:36:23
64 verbose fstream_stack /usr/local/lib/node_modules/npm/node_modules/mkdirp/index.js:46:53
64 verbose fstream_stack FSReqWrap.oncomplete (fs.js:99:15)
65 verbose cwd /home/wob/doc/Projects/github/boskop
66 error Linux 4.6.4-301.fc24.x86_64
67 error argv "/usr/local/bin/node" "/usr/local/bin/npm" "install" "bower" "-g"
68 error node v0.12.0
69 error npm  v2.5.1
70 error path /usr/local/lib/node_modules/bower
71 error code EACCES
72 error errno -13
73 error Error: EACCES, mkdir '/usr/local/lib/node_modules/bower'
73 error     at Error (native)
73 error  { [Error: EACCES, mkdir '/usr/local/lib/node_modules/bower']
73 error   errno: -13,
73 error   code: 'EACCES',
73 error   path: '/usr/local/lib/node_modules/bower',
73 error   fstream_type: 'Directory',
73 error   fstream_path: '/usr/local/lib/node_modules/bower',
73 error   fstream_class: 'DirWriter',
73 error   fstream_stack:
73 error    [ '/usr/local/lib/node_modules/npm/node_modules/fstream/lib/dir-writer.js:36:23',
73 error      '/usr/local/lib/node_modules/npm/node_modules/mkdirp/index.js:46:53',
73 error      'FSReqWrap.oncomplete (fs.js:99:15)' ] }
74 error Please try running this command again as root/Administrator.
75 verbose exit [ -13, true ]
76 verbose unbuild lib/node_modules/bower
77 verbose gentlyRm vacuuming /usr/local/lib/node_modules/bower
